Generated by util/to_fix.py
Most common errors seen in test_results/**:
occurances : error text
952 : in <script>
354 : in writeObject_(_)
352 : in print(_)
192 : String does not implement 'toString'.
168 : List metaclass does not implement 'new()'.
154 : String does not implement 'is(_)'.
105 : Fiber metaclass does not implement 'new(_)'.
94 : Fn metaclass does not implement 'new(_)'.
75 : Expected runtime error on line  but was on line .
54 : Map metaclass does not implement 'new()'.
31 : Could not load module 'random'.
26 : Range does not implement 'iterate(_)'.
20 : Num does not implement 'is(_)'.
16 : Null does not implement 'toString'.
16 : String does not implement 'iterate(_)'.
14 : String does not implement '[_]'.
14 : in test
12 : Error at '#': Expected expression.
12 : Expected output "true" on line  and got "false".
12 : Expected runtime error "Count must be a non-negative integer." and got:
12 : Expected runtime error "Index out of bounds." and got:
12 : String does not implement 'byteAt_(_)'.
12 : in write
11 : Expected runtime error "Iterator must be a number." and got:
11 : Fiber metaclass does not implement 'current'.
10 : Expected runtime error "Iterator must be an integer." and got:
10 : in count
10 : in method
10 : note: run with `RUST_BACKTRACE=1` environment variable to display a backtrace
8 : Could not load module 'meta'.
8 : Expected runtime error "Range end out of bounds." and got:
8 : String does not implement 'codePointAt_(_)'.
8 : in bar=_
8 : in foo
8 : in getter
8 : thread 'main' panicked at 'called `Option::unwrap()` on a `None` value', src\vm.rs:3359:30
6 : Bool does not implement '>(_)'.
6 : Expected runtime error "Fiber has already been called." and got:
6 : Expected runtime error "Index must be a number." and got:
6 : Expected runtime error "Index must be an integer." and got:
6 : Expected runtime error "Iterator out of bounds." and got:
6 : Expected runtime error "Subscript out of bounds." and got:
6 : Null does not implement '==(_)'.
6 : String does not implement 'indexOf(_,_)'.
6 : String metaclass does not implement 'fromCodePoint(_)'.
6 : in
6 : in getClosure
6 : in init new()
6 : in toList
6 : in trim_(_,_,_)
5 : Expected runtime error "Argument must be a string." and got:
5 : List metaclass does not implement 'filled(_,_)'.
5 : String does not implement '+(_)'.
4 : Bool does not implement 'is(_)'.
4 : Error: Incomplete Unicode escape sequence.
4 : Expected output "-1" on line  and got "224".
4 : Expected runtime error "Key must be a value type." and got:
4 : Expected runtime error "Range start out of bounds." and got:
4 : Expected runtime error "Right operand must be a string." and got:
4 : Expected runtime error "String does not implement 'call(_)'." and got:
4 : Foo metaclass does not implement 'name'.
4 : Num metaclass does not implement 'fromString(_)'.
4 : String does not implement '==(_)'.
4 : String does not implement 'iterateByte_(_)'.
4 : String does not implement 'iteratorValue(_)'.
4 : String metaclass does not implement 'fromByte(_)'.
4 : in +(_)
4 : in [_]
4 : in bar
4 : in callSuperToString
4 : in closeOverGet
4 : in contains(_)
4 : in iterate(_)
4 : in join(_)
4 : in write()
3 : Expected runtime error "Cannot call a finished fiber." and got:
3 : Expected runtime error "Characters must be a string." and got:
3 : Expected runtime error "Subscript must be an integer." and got:
3 : Num does not implement '-(_)'.
3 : String does not implement 'endsWith(_)'.
3 : String does not implement 'indexOf(_)'.
3 : String does not implement 'startsWith(_)'.
3 : Timed out.
2 : A does not implement 'is(_)'.
2 : Bar does not implement 'toString'.
2 : Baz does not implement 'toString'.
2 : Bool does not implement '==(_)'.
2 : Bool metaclass does not implement 'toString'.
2 : Byte must be valid utf8
2 : Could not find foreign method 'api()' for class CallCallsForeign in module './test/api/call_calls_foreign'.
2 : Could not find foreign method 'beforeDefined()' for class GetVariable in module './test/api/get_variable'.
2 : Could not find foreign method 'finalized' for class ForeignClass in module './test/api/foreign_class'.
2 : Could not find foreign method 'newList()' for class Lists in module './test/api/lists'.
2 : Could not find foreign method 'newMap()' for class Maps in module './test/api/maps'.
2 : Could not find foreign method 'noResolver()' for class Resolution in module './test/api/resolution'.
2 : Could not find foreign method 'noSet' for class Slots in module './test/api/slots'.
2 : Could not find foreign method 'nullConfig()' for class VM in module './test/api/new_vm'.
2 : Could not find foreign method 'test' for class UserData in module './test/api/user_data'.
2 : Could not find foreign method 'value=_' for class Handle in module './test/api/handle'.
2 : Error at '#': Expect method definition.
2 : Error: Incomplete byte escape sequence.
2 : Error: Integer parsing number too large to fit in target type
2 : Error: Unterminated block comment.
2 : Expected output "-1" on line  and got "192".
2 : Expected output "-1" on line  and got "239".
2 : Expected output "1" on line  and got "2".
2 : Expected output "false" on line  and got "2".
2 : Expected return code 70 and got 101. Stderr:
2 : Expected runtime error "Argument must be a function." and got:
2 : Expected runtime error "Cannot call an aborted fiber." and got:
2 : Expected runtime error "Cannot transfer to a finished fiber." and got:
2 : Expected runtime error "Cannot transfer to an aborted fiber." and got:
2 : Expected runtime error "Delimiter must be a non-empty string." and got:
2 : Expected runtime error "From must be a non-empty string." and got:
2 : Expected runtime error "Function expects more arguments." and got:
2 : Expected runtime error "Not enough elements to sample." and got:
2 : Expected runtime error "Range end must be an integer." and got:
2 : Expected runtime error "Range start must be an integer." and got:
2 : Expected runtime error "Start out of bounds." and got:
2 : Expected runtime error "Subscript must be a number or a range." and got:
2 : Expected stack trace and got:
2 : Foo does not implement '!'.
2 : Foo does not implement 'toString'.
2 : Foo metaclass does not implement '==(_)'.
2 : Foo metaclass does not implement 'is(_)'.
2 : Foo metaclass does not implement 'supertype'.
2 : MapSequence does not implement 'is(_)'.
2 : Node does not implement 'is(_)'.
2 : Null does not implement '!'.
2 : Null does not implement 'is(_)'.
2 : Num does not implement '!'.
2 : Num does not implement '==(_)'.
2 : Num metaclass does not implement '==(_)'.
2 : Num metaclass does not implement 'is(_)'.
2 : Num metaclass does not implement 'largest'.
2 : Num metaclass does not implement 'maxSafeInteger'.
2 : Num metaclass does not implement 'minSafeInteger'.
2 : Num metaclass does not implement 'nan'.
2 : Num metaclass does not implement 'smallest'.
2 : Object does not implement 'name'.
2 : Object does not implement 'toString'.
2 : Range does not implement '==(_)'.
2 : Range does not implement 'from'.
2 : Range does not implement 'is(_)'.
2 : Range does not implement 'isInclusive'.
2 : Range does not implement 'iteratorValue(_)'.
2 : Range does not implement 'max'.
2 : Range does not implement 'min'.
2 : Range does not implement 'to'.
2 : Range does not implement 'toString'.
2 : String does not implement '!'.
2 : StringByteSequence does not implement 'is(_)'.
2 : System metaclass does not implement 'gc()'.
2 : WhereSequence does not implement 'is(_)'.
2 : Without metaclass does not implement 'attributes'.
2 : in *(_)
2 : in call()
2 : in callFoo
2 : in closeOverFooGet
2 : in foo(_)
2 : in fooPrint
2 : in init new(_)
2 : in init new(_,_)
2 : in iteratorValue(_)
2 : in join()
2 : in method(_)
2 : in method(_,_)
2 : in methodOnFoo
2 : in name
2 : in reduce(_)
2 : in replace(_,_)
2 : in sayName
2 : in skip(_)
2 : in split(_)
2 : in staticMethod
2 : in take(_)
2 : in test0()
2 : in trim()
2 : in trimEnd()
2 : in trimStart()
2 : in write(_)
2 : thread 'main' has overflowed its stack
2 : thread 'main' panicked at 'called `Result::unwrap()` on an `Err` value: NoSpace', src\vm.rs:3019:14
1 : Error: Invalid Unicode escape sequence.
1 : Error: Invalid byte 0x03.
1 : Error: Invalid byte escape sequence.
1 : Error: Invalid escape character '109'.
1 : Error: Unterminated raw string.
1 : Error: Unterminated string.
1 : Expected output "102" on line  and got "141".
1 : Expected output "171" on line  and got "194".
1 : Expected output "2" on line  and got "4".
1 : Expected output "205" on line  and got "171".
1 : Expected output "255" on line  and got "195".
1 : Expected output "a" on line  and got "a b c".
1 : Expected output "class method" on line  and got "variable".
1 : Expected output "method" on line  and got "variable".
1 : Expected return code 65 and got 0. Stderr:
1 : Expected return code 65 and got 3221225725. Stderr:
1 : Expected return code 70 and got 0. Stderr:
1 : Expected runtime error "Abort!" and got none.
1 : Expected runtime error "Abort!" and got:
1 : Expected runtime error "Bool does not implement '+(_)'." and got:
1 : Expected runtime error "Byte cannot be greater than 0xff." and got:
1 : Expected runtime error "Byte cannot be negative." and got:
1 : Expected runtime error "Byte must be a number." and got:
1 : Expected runtime error "Byte must be an integer." and got:
1 : Expected runtime error "Can't reduce an empty sequence." and got:
1 : Expected runtime error "Cannot call root fiber." and got none.
1 : Expected runtime error "Cannot call root fiber." and got:
1 : Expected runtime error "Cannot try a finished fiber." and got:
1 : Expected runtime error "Cannot try an aborted fiber." and got:
1 : Expected runtime error "Class 'Subclass' cannot inherit from built-in class 'Fn'." and got:
1 : Expected runtime error "Class does not implement 'new()'." and got:
1 : Expected runtime error "Code point cannot be greater than 0x10ffff." and got:
1 : Expected runtime error "Code point cannot be negative." and got:
1 : Expected runtime error "Code point must be a number." and got:
1 : Expected runtime error "Code point must be an integer." and got:
1 : Expected runtime error "Comparer must be a function." and got:
1 : Expected runtime error "Could not compile module './test/language/module/compile_error/module'." and got:
1 : Expected runtime error "Could not compile source code." and got:
1 : Expected runtime error "Could not find a module named 'unknown'." and got:
1 : Expected runtime error "Could not find a variable named 'DoesNotExist' in module './test/language/module/unknown_variable/module'." and got:
1 : Expected runtime error "Foo does not implement ''." and got:
1 : Expected runtime error "Foo does not implement 'new()'." and got:
1 : Expected runtime error "Function cannot take more than one parameter." and got:
1 : Expected runtime error "Index 0 out of bounds." and got:
1 : Expected runtime error "Module name must be a string." and got:
1 : Expected runtime error "Num does not implement 'badMethod'." and got:
1 : Expected runtime error "Num does not implement 'iterate(_)'." and got:
1 : Expected runtime error "Number literal is too large." and got:
1 : Expected runtime error "Object metaclass does not implement 'new()'." and got:
1 : Expected runtime error "Right operand must be a class." and got:
1 : Expected runtime error "Right operand must be a number." and got:
1 : Expected runtime error "Seed must be a number or a sequence of numbers." and got:
1 : Expected runtime error "Sequence cannot be empty." and got:
1 : Expected runtime error "Sequence elements must all be numbers." and got:
1 : Expected runtime error "Size cannot be negative." and got:
1 : Expected runtime error "Size must be a number." and got:
1 : Expected runtime error "Size must be an integer." and got:
1 : Expected runtime error "Source code must be a string." and got:
1 : Expected runtime error "Start must be a number." and got:
1 : Expected runtime error "Start must be an integer." and got:
1 : Expected runtime error "Subscript must be a number." and got:
1 : Expected runtime error "To must be a string." and got:
1 : Fiber metaclass does not implement 'abort(_)'.
1 : Got output "ok" when none was expected.