Unexpected output on stderr:
thread 'main' panicked at 'attempt to multiply with overflow', src/compiler.rs:743:25
Unexpected output on stderr:
note: run with `RUST_BACKTRACE=1` environment variable to display a backtrace
Expected return code 0 and got 101. Stderr:
thread 'main' panicked at 'attempt to multiply with overflow', src/compiler.rs:743:25
note: run with `RUST_BACKTRACE=1` environment variable to display a backtrace

Missing expected output "A" on line 2.
Missing expected output "~" on line 3.
Missing expected output "Â¶" on line 6.
Missing expected output "Ã" on line 7.
Missing expected output "à¥" on line 10.
Missing expected output "à®ƒ" on line 11.
Missing expected output "Â¶" on line 14.
Missing expected output "Ã" on line 15.
Missing expected output "true" on line 20.
Missing expected output "<ğŸ™Š>" on line 22.
Missing expected output "<ğŸš€>" on line 23.
Missing expected output "<ğŒ˜>" on line 24.
