   Compiling wren_rust v0.1.0 (/Users/eseidel/Documents/GitHub/wren_rust)
    Finished dev [unoptimized + debuginfo] target(s) in 5.43s
Undefined symbols for architecture x86_64:
  "_wrenCall", referenced from:
      _call in benchmark.o
      _callRunTests in call.o
      _callCallsForeignRunTests in call_calls_foreign.o
      _callWrenCallRootRunTests in call_wren_call_root.o
      _multipleInterpretCalls in new_vm.o
      _resetStackAfterCallAbortRunTests in reset_stack_after_call_abort.o
      _resetStackAfterForeignConstructRunTests in reset_stack_after_foreign_construct.o
      ...
  "_wrenGetSlotBytes", referenced from:
      _getSlots in slots.o
      _setSlots in slots.o
  "_wrenGetSlotString", referenced from:
      _otherSlot in get_variable.o
      _hasVariable in get_variable.o
      _hasModule in get_variable.o
      _getSlots in slots.o
      _setSlots in slots.o
  "_wrenGetUserData", referenced from:
      _test in user_data.o
  "_wrenMakeCallHandle", referenced from:
      _call in benchmark.o
      _callRunTests in call.o
      _callCallsForeignRunTests in call_calls_foreign.o
      _callWrenCallRootRunTests in call_wren_call_root.o
      _multipleInterpretCalls in new_vm.o
      _resetStackAfterCallAbortRunTests in reset_stack_after_call_abort.o
      _resetStackAfterForeignConstructRunTests in reset_stack_after_foreign_construct.o
      ...
  "_wrenSetSlotBytes", referenced from:
      _callRunTests in call.o
      _setSlots in slots.o
  "_wrenSetUserData", referenced from:
      _test in user_data.o
ld: symbol(s) not found for architecture x86_64
clang: error: linker command failed with exit code 1 (use -v to see invocation)
make[1]: *** [bin/wren_test] Error 1
make: *** [wren_test] Error 2
